<?xml version="1.0" encoding="UTF-8"?>
<!-- Generated by org.testng.reporters.JUnitReportReporter -->
<testsuite hostname="JIYANSH" failures="0" tests="3" name="testCases.TC002_ValidateLoginFunctionality" time="29.201" errors="0" timestamp="2025-08-30T17:29:22 IST" skipped="0">
  <testcase classname="testCases.TC002_ValidateLoginFunctionality" name="verifyLogin" time="12.355"/>
  <testcase classname="testCases.TC002_ValidateLoginFunctionality" name="verifyLogin" time="12.146"/>
  <testcase classname="testCases.TC002_ValidateLoginFunctionality" name="verifyLogin" time="4.700"/>
</testsuite> <!-- testCases.TC002_ValidateLoginFunctionality -->
