<?xml version="1.0" encoding="UTF-8"?>
<!-- Generated by org.testng.reporters.JUnitReportReporter -->
<testsuite hostname="JIYANSH" failures="0" tests="3" name="testCases.TC003_ValidateAdminMainPage" time="3.986" errors="0" timestamp="2025-08-10T13:15:21 IST" skipped="0">
  <testcase classname="testCases.TC003_ValidateAdminMainPage" name="login" time="2.303"/>
  <testcase classname="testCases.TC003_ValidateAdminMainPage" name="clickAdminMenu" time="1.348"/>
  <testcase classname="testCases.TC003_ValidateAdminMainPage" name="verifySystemUser" time="0.335"/>
</testsuite> <!-- testCases.TC003_ValidateAdminMainPage -->
