<?xml version="1.0" encoding="UTF-8"?>
<!-- Generated by org.testng.reporters.JUnitReportReporter -->
<testsuite hostname="JIYANSH" failures="0" tests="2" name="testCases.TC001_ValidateHomePage" time="0.777" errors="0" timestamp="2025-08-23T18:01:20 IST" skipped="0">
  <testcase classname="testCases.TC001_ValidateHomePage" name="verifyTitle" time="0.076"/>
  <testcase classname="testCases.TC001_ValidateHomePage" name="verifyLogo" time="0.701"/>
</testsuite> <!-- testCases.TC001_ValidateHomePage -->
