<?xml version="1.0" encoding="UTF-8"?>
<!-- Generated by org.testng.reporters.JUnitReportReporter -->
<testsuite hostname="JIYANSH" failures="0" tests="4" name="testCases.TC002_ValidateLoginFunctionality" time="32.765" errors="0" timestamp="2025-08-02T18:09:54 IST" skipped="0">
  <testcase classname="testCases.TC002_ValidateLoginFunctionality" name="verifyLogin" time="12.033"/>
  <testcase classname="testCases.TC002_ValidateLoginFunctionality" name="verifyLogin" time="4.844"/>
  <testcase classname="testCases.TC002_ValidateLoginFunctionality" name="verifyLogin" time="3.802"/>
  <testcase classname="testCases.TC002_ValidateLoginFunctionality" name="verifyLogin" time="12.086"/>
</testsuite> <!-- testCases.TC002_ValidateLoginFunctionality -->
