<?xml version="1.0" encoding="UTF-8"?>
<!-- Generated by org.testng.reporters.JUnitReportReporter -->
<testsuite hostname="JIYANSH" failures="0" tests="2" name="testCases.TC001_ValidateHomePage" time="0.885" errors="0" timestamp="2025-08-10T13:15:21 IST" skipped="0">
  <testcase classname="testCases.TC001_ValidateHomePage" name="verifyTitle" time="0.026"/>
  <testcase classname="testCases.TC001_ValidateHomePage" name="verifyLogo" time="0.859"/>
</testsuite> <!-- testCases.TC001_ValidateHomePage -->
