<?xml version="1.0" encoding="UTF-8"?>
<!-- Generated by org.testng.reporters.JUnitReportReporter -->
<testsuite hostname="JIYANSH" failures="0" tests="6" name="testCases.TC0001_VerifyUIElementsOnLoginPage" time="1.072" errors="0" timestamp="2025-08-30T17:29:21 IST" skipped="0">
  <testcase classname="testCases.TC0001_VerifyUIElementsOnLoginPage" name="verifyLoginPageTitle" time="0.023"/>
  <testcase classname="testCases.TC0001_VerifyUIElementsOnLoginPage" name="verifyLogoIsDisplayed" time="0.795"/>
  <testcase classname="testCases.TC0001_VerifyUIElementsOnLoginPage" name="verifyUsernameLabelIsDisplayed" time="0.077"/>
  <testcase classname="testCases.TC0001_VerifyUIElementsOnLoginPage" name="verifyPasswordLabelIsDisplayed" time="0.060"/>
  <testcase classname="testCases.TC0001_VerifyUIElementsOnLoginPage" name="verifyLoginButtonIsDisplayed" time="0.060"/>
  <testcase classname="testCases.TC0001_VerifyUIElementsOnLoginPage" name="verifyForgotPasswordLinkIsDisplayed" time="0.057"/>
</testsuite> <!-- testCases.TC0001_VerifyUIElementsOnLoginPage -->
