<?xml version="1.0" encoding="UTF-8"?>
<!-- Generated by org.testng.reporters.JUnitReportReporter -->
<testsuite hostname="JIYANSH" failures="2" tests="15" name="testCases.TC0003_VerifyMenuPanel" time="5.646" errors="0" timestamp="2025-08-23T18:15:44 IST" skipped="0">
  <testcase classname="testCases.TC0003_VerifyMenuPanel" name="loginWithValidCredentials" time="2.862"/>
  <testcase classname="testCases.TC0003_VerifyMenuPanel" name="verifyLogoOnMenuPanel" time="0.106"/>
  <testcase classname="testCases.TC0003_VerifyMenuPanel" name="verifyAllAvailableMenuOptionsOnMenuPanel" time="0.273"/>
  <testcase classname="testCases.TC0003_VerifyMenuPanel" name="verifyAllAvailableMenuOptionsOnMenuPanel" time="0.102"/>
  <testcase classname="testCases.TC0003_VerifyMenuPanel" name="verifyAllAvailableMenuOptionsOnMenuPanel" time="0.061"/>
  <testcase classname="testCases.TC0003_VerifyMenuPanel" name="verifyAllAvailableMenuOptionsOnMenuPanel" time="0.286">
    <failure message="Menu option &#039;Leavea&#039; is not available in the menu panel." type="java.lang.AssertionError">
      <![CDATA[java.lang.AssertionError: Menu option 'Leavea' is not available in the menu panel.
at org.testng.Assert.fail(Assert.java:111)
at testCases.TC0003_VerifyMenuPanel.verifyAllAvailableMenuOptionsOnMenuPanel(TC0003_VerifyMenuPanel.java:127)
at java.base/jdk.internal.reflect.DirectMethodHandleAccessor.invoke(DirectMethodHandleAccessor.java:103)
at java.base/java.lang.reflect.Method.invoke(Method.java:580)
at org.testng.internal.invokers.MethodInvocationHelper.invokeMethod(MethodInvocationHelper.java:141)
at org.testng.internal.invokers.TestInvoker.invokeMethod(TestInvoker.java:687)
at org.testng.internal.invokers.TestInvoker.invokeTestMethod(TestInvoker.java:230)
at org.testng.internal.invokers.MethodRunner.runInSequence(MethodRunner.java:63)
at org.testng.internal.invokers.TestInvoker$MethodInvocationAgent.invoke(TestInvoker.java:995)
at org.testng.internal.invokers.TestInvoker.invokeTestMethods(TestInvoker.java:203)
at org.testng.internal.invokers.TestMethodWorker.invokeTestMethods(TestMethodWorker.java:154)
at org.testng.internal.invokers.TestMethodWorker.run(TestMethodWorker.java:134)
at java.base/java.util.ArrayList.forEach(ArrayList.java:1597)
at org.testng.TestRunner.privateRun(TestRunner.java:741)
at org.testng.TestRunner.run(TestRunner.java:616)
at org.testng.SuiteRunner.runTest(SuiteRunner.java:421)
at org.testng.SuiteRunner.runSequentially(SuiteRunner.java:413)
at org.testng.SuiteRunner.privateRun(SuiteRunner.java:373)
at org.testng.SuiteRunner.run(SuiteRunner.java:312)
at org.testng.SuiteRunnerWorker.runSuite(SuiteRunnerWorker.java:52)
at org.testng.SuiteRunnerWorker.run(SuiteRunnerWorker.java:95)
at org.testng.TestNG.runSuitesSequentially(TestNG.java:1274)
at org.testng.TestNG.runSuitesLocally(TestNG.java:1208)
at org.testng.TestNG.runSuites(TestNG.java:1112)
at org.testng.TestNG.run(TestNG.java:1079)
at org.testng.remote.AbstractRemoteTestNG.run(AbstractRemoteTestNG.java:115)
at org.testng.remote.RemoteTestNG.initAndRun(RemoteTestNG.java:293)
at org.testng.remote.RemoteTestNG.main(RemoteTestNG.java:91)
]]>
    </failure>
  </testcase> <!-- verifyAllAvailableMenuOptionsOnMenuPanel -->
  <testcase classname="testCases.TC0003_VerifyMenuPanel" name="verifyAllAvailableMenuOptionsOnMenuPanel" time="0.275">
    <failure message="Menu option &#039;Claima&#039; is not available in the menu panel." type="java.lang.AssertionError">
      <![CDATA[java.lang.AssertionError: Menu option 'Claima' is not available in the menu panel.
at org.testng.Assert.fail(Assert.java:111)
at testCases.TC0003_VerifyMenuPanel.verifyAllAvailableMenuOptionsOnMenuPanel(TC0003_VerifyMenuPanel.java:127)
at java.base/jdk.internal.reflect.DirectMethodHandleAccessor.invoke(DirectMethodHandleAccessor.java:103)
at java.base/java.lang.reflect.Method.invoke(Method.java:580)
at org.testng.internal.invokers.MethodInvocationHelper.invokeMethod(MethodInvocationHelper.java:141)
at org.testng.internal.invokers.TestInvoker.invokeMethod(TestInvoker.java:687)
at org.testng.internal.invokers.TestInvoker.invokeTestMethod(TestInvoker.java:230)
at org.testng.internal.invokers.MethodRunner.runInSequence(MethodRunner.java:63)
at org.testng.internal.invokers.TestInvoker$MethodInvocationAgent.invoke(TestInvoker.java:995)
at org.testng.internal.invokers.TestInvoker.invokeTestMethods(TestInvoker.java:203)
at org.testng.internal.invokers.TestMethodWorker.invokeTestMethods(TestMethodWorker.java:154)
at org.testng.internal.invokers.TestMethodWorker.run(TestMethodWorker.java:134)
at java.base/java.util.ArrayList.forEach(ArrayList.java:1597)
at org.testng.TestRunner.privateRun(TestRunner.java:741)
at org.testng.TestRunner.run(TestRunner.java:616)
at org.testng.SuiteRunner.runTest(SuiteRunner.java:421)
at org.testng.SuiteRunner.runSequentially(SuiteRunner.java:413)
at org.testng.SuiteRunner.privateRun(SuiteRunner.java:373)
at org.testng.SuiteRunner.run(SuiteRunner.java:312)
at org.testng.SuiteRunnerWorker.runSuite(SuiteRunnerWorker.java:52)
at org.testng.SuiteRunnerWorker.run(SuiteRunnerWorker.java:95)
at org.testng.TestNG.runSuitesSequentially(TestNG.java:1274)
at org.testng.TestNG.runSuitesLocally(TestNG.java:1208)
at org.testng.TestNG.runSuites(TestNG.java:1112)
at org.testng.TestNG.run(TestNG.java:1079)
at org.testng.remote.AbstractRemoteTestNG.run(AbstractRemoteTestNG.java:115)
at org.testng.remote.RemoteTestNG.initAndRun(RemoteTestNG.java:293)
at org.testng.remote.RemoteTestNG.main(RemoteTestNG.java:91)
]]>
    </failure>
  </testcase> <!-- verifyAllAvailableMenuOptionsOnMenuPanel -->
  <testcase classname="testCases.TC0003_VerifyMenuPanel" name="verifyAllAvailableMenuOptionsOnMenuPanel" time="0.118"/>
  <testcase classname="testCases.TC0003_VerifyMenuPanel" name="verifyAllAvailableMenuOptionsOnMenuPanel" time="0.141"/>
  <testcase classname="testCases.TC0003_VerifyMenuPanel" name="verifyAllAvailableMenuOptionsOnMenuPanel" time="0.082"/>
  <testcase classname="testCases.TC0003_VerifyMenuPanel" name="verifyAllAvailableMenuOptionsOnMenuPanel" time="0.284"/>
  <testcase classname="testCases.TC0003_VerifyMenuPanel" name="verifyAllAvailableMenuOptionsOnMenuPanel" time="0.195"/>
  <testcase classname="testCases.TC0003_VerifyMenuPanel" name="verifyAllAvailableMenuOptionsOnMenuPanel" time="0.302"/>
  <testcase classname="testCases.TC0003_VerifyMenuPanel" name="verifyAllAvailableMenuOptionsOnMenuPanel" time="0.257"/>
  <testcase classname="testCases.TC0003_VerifyMenuPanel" name="verifySearchBoxFunctionality" time="0.302"/>
</testsuite> <!-- testCases.TC0003_VerifyMenuPanel -->
