<?xml version="1.0" encoding="UTF-8"?>
<!-- Generated by org.testng.reporters.JUnitReportReporter -->
<testsuite hostname="JIYANSH" failures="0" tests="2" name="testCases.TC001_ValidateHomePage" time="0.922" errors="0" timestamp="2025-08-02T18:09:54 IST" skipped="0">
  <testcase classname="testCases.TC001_ValidateHomePage" name="verifyTitle" time="0.045"/>
  <testcase classname="testCases.TC001_ValidateHomePage" name="verifyLogo" time="0.877"/>
</testsuite> <!-- testCases.TC001_ValidateHomePage -->
