<?xml version="1.0" encoding="UTF-8"?>
<!-- Generated by org.testng.reporters.JUnitReportReporter -->
<testsuite hostname="JIYANSH" failures="0" tests="6" name="testCases.TC0001_VerifyUIElementsOnLoginPage" time="1.516" errors="0" timestamp="2025-08-23T18:01:20 IST" skipped="0">
  <testcase classname="testCases.TC0001_VerifyUIElementsOnLoginPage" name="verifyLoginPageTitle" time="0.025"/>
  <testcase classname="testCases.TC0001_VerifyUIElementsOnLoginPage" name="verifyLogoIsDisplayed" time="1.239"/>
  <testcase classname="testCases.TC0001_VerifyUIElementsOnLoginPage" name="verifyUsernameLabelIsDisplayed" time="0.063"/>
  <testcase classname="testCases.TC0001_VerifyUIElementsOnLoginPage" name="verifyPasswordLabelIsDisplayed" time="0.059"/>
  <testcase classname="testCases.TC0001_VerifyUIElementsOnLoginPage" name="verifyLoginButtonIsDisplayed" time="0.061"/>
  <testcase classname="testCases.TC0001_VerifyUIElementsOnLoginPage" name="verifyForgotPasswordLinkIsDisplayed" time="0.069"/>
</testsuite> <!-- testCases.TC0001_VerifyUIElementsOnLoginPage -->
