<?xml version="1.0" encoding="UTF-8"?>
<!-- Generated by org.testng.reporters.JUnitReportReporter -->
<testsuite hostname="JIYANSH" failures="0" tests="3" name="testCases.TC002_ValidateLoginFunctionality" time="30.011" errors="0" timestamp="2025-08-23T18:01:20 IST" skipped="0">
  <testcase classname="testCases.TC002_ValidateLoginFunctionality" name="verifyLogin" time="12.236"/>
  <testcase classname="testCases.TC002_ValidateLoginFunctionality" name="verifyLogin" time="5.172"/>
  <testcase classname="testCases.TC002_ValidateLoginFunctionality" name="verifyLogin" time="12.603"/>
</testsuite> <!-- testCases.TC002_ValidateLoginFunctionality -->
