<?xml version="1.0" encoding="UTF-8"?>
<!-- Generated by org.testng.reporters.JUnitReportReporter -->
<testsuite hostname="JIYANSH" failures="0" tests="2" name="testCases.TC001_ValidateHomePage" time="1.959" errors="0" timestamp="2025-08-30T17:29:22 IST" skipped="0">
  <testcase classname="testCases.TC001_ValidateHomePage" name="verifyTitle" time="0.027"/>
  <testcase classname="testCases.TC001_ValidateHomePage" name="verifyLogo" time="1.932"/>
</testsuite> <!-- testCases.TC001_ValidateHomePage -->
