<?xml version="1.0" encoding="UTF-8"?>
<!-- Generated by org.testng.reporters.JUnitReportReporter -->
<testsuite hostname="JIYANSH" failures="0" tests="4" name="testCases.TC002_ValidateLoginFunctionality" time="31.682" errors="0" timestamp="2025-08-10T13:15:21 IST" skipped="0">
  <testcase classname="testCases.TC002_ValidateLoginFunctionality" name="verifyLogin" time="11.712"/>
  <testcase classname="testCases.TC002_ValidateLoginFunctionality" name="verifyLogin" time="4.574"/>
  <testcase classname="testCases.TC002_ValidateLoginFunctionality" name="verifyLogin" time="11.467"/>
  <testcase classname="testCases.TC002_ValidateLoginFunctionality" name="verifyLogin" time="3.929"/>
</testsuite> <!-- testCases.TC002_ValidateLoginFunctionality -->
